2021-01-09T05:03:18+00:00 ERROR Error getting remote inbox notification data feed
2021-01-09T05:03:18+00:00 ERROR WP_Error Object
(
    [errors] => Array
        (
            [http_request_failed] => Array
                (
                    [0] => stream_socket_client(): SSL: Handshake timed out
stream_socket_client(): Failed to enable crypto
stream_socket_client(): unable to connect to ssl://woocommerce.com:443 (Unknown error)
                )

        )

    [error_data] => Array
        (
        )

    [additional_data:protected] => Array
        (
        )

)

2021-01-09T05:03:37+00:00 ERROR Error getting remote inbox notification data feed
2021-01-09T05:03:37+00:00 ERROR WP_Error Object
(
    [errors] => Array
        (
            [http_request_failed] => Array
                (
                    [0] => stream_socket_client(): SSL: Handshake timed out
stream_socket_client(): Failed to enable crypto
stream_socket_client(): unable to connect to ssl://woocommerce.com:443 (Unknown error)
                )

        )

    [error_data] => Array
        (
        )

    [additional_data:protected] => Array
        (
        )

)

